<?xml version="1.0" encoding="UTF-8"?>
<!-- Generated by org.testng.reporters.JUnitReportReporter -->
<testsuite hostname="WSRV01" name="com.randtronics.dpm.filemanager.executionEngine.PolicyAppTemplate_Test" tests="3" failures="0" timestamp="22 Sep 2016 14:18:41 GMT" time="39.802" errors="0">
  <testcase name="signOut" time="0.359" classname="com.randtronics.dpm.filemanager.executionEngine.PolicyAppTemplate_Test"/>
  <testcase name="signIn" time="1.541" classname="com.randtronics.dpm.filemanager.executionEngine.PolicyAppTemplate_Test"/>
  <testcase name="modifyPolicyAppTemp_Valid" time="37.902" classname="com.randtronics.dpm.filemanager.executionEngine.PolicyAppTemplate_Test"/>
</testsuite> <!-- com.randtronics.dpm.filemanager.executionEngine.PolicyAppTemplate_Test -->
