<?xml version="1.0" encoding="UTF-8"?>
<!-- Generated by org.testng.reporters.JUnitReportReporter -->
<testsuite hostname="WSRV01" name="com.randtronics.dpm.filemanager.executionEngine.EventConfig_Test" tests="3" failures="0" timestamp="22 Sep 2016 07:23:36 GMT" time="31.835" errors="0">
  <testcase name="signIn" time="3.507" classname="com.randtronics.dpm.filemanager.executionEngine.EventConfig_Test"/>
  <testcase name="addEventActionRule_Valid" time="27.628" classname="com.randtronics.dpm.filemanager.executionEngine.EventConfig_Test"/>
  <testcase name="signOut" time="0.700" classname="com.randtronics.dpm.filemanager.executionEngine.EventConfig_Test"/>
</testsuite> <!-- com.randtronics.dpm.filemanager.executionEngine.EventConfig_Test -->
