<?xml version="1.0" encoding="UTF-8"?>
<!-- Generated by org.testng.reporters.JUnitReportReporter -->
<testsuite hostname="WSRV01" name="com.randtronics.dpm.filemanager.executionEngine.Login_Test" tests="4" failures="0" timestamp="27 Sep 2016 07:25:19 GMT" time="29.923" errors="0">
  <testcase name="testLoginInvalid" time="17.988" classname="com.randtronics.dpm.filemanager.executionEngine.Login_Test"/>
  <testcase name="testLoginValidClick" time="5.904" classname="com.randtronics.dpm.filemanager.executionEngine.Login_Test"/>
  <testcase name="testLoginValidEnter" time="6.026" classname="com.randtronics.dpm.filemanager.executionEngine.Login_Test"/>
  <testcase name="setUpExcel" time="0.005" classname="com.randtronics.dpm.filemanager.executionEngine.Login_Test"/>
</testsuite> <!-- com.randtronics.dpm.filemanager.executionEngine.Login_Test -->
