<?xml version="1.0" encoding="UTF-8"?>
<!-- Generated by org.testng.reporters.JUnitReportReporter -->
<testsuite hostname="WSRV01" name="com.randtronics.dpm.filemanager.executionEngine.Dashboard_Test" tests="3" failures="0" timestamp="27 Sep 2016 06:08:15 GMT" time="32.449" errors="0">
  <testcase name="signIn" time="0.733" classname="com.randtronics.dpm.filemanager.executionEngine.Dashboard_Test"/>
  <testcase name="DashboardOptions_Save" time="31.141" classname="com.randtronics.dpm.filemanager.executionEngine.Dashboard_Test"/>
  <testcase name="signOut" time="0.575" classname="com.randtronics.dpm.filemanager.executionEngine.Dashboard_Test"/>
</testsuite> <!-- com.randtronics.dpm.filemanager.executionEngine.Dashboard_Test -->
