<?xml version="1.0" encoding="UTF-8"?>
<!-- Generated by org.testng.reporters.JUnitReportReporter -->
<testsuite hostname="WSRV01" name="com.randtronics.dpm.filemanager.executionEngine.SystemGroup_Test" tests="9" failures="0" timestamp="27 Sep 2016 09:30:27 GMT" time="95.586" errors="0">
  <testcase name="deleteSysGroup_No" time="3.031" classname="com.randtronics.dpm.filemanager.executionEngine.SystemGroup_Test"/>
  <testcase name="viewSysGroup" time="3.031" classname="com.randtronics.dpm.filemanager.executionEngine.SystemGroup_Test"/>
  <testcase name="modifySysGroup_InValid" time="75.404" classname="com.randtronics.dpm.filemanager.executionEngine.SystemGroup_Test"/>
  <testcase name="signIn" time="1.402" classname="com.randtronics.dpm.filemanager.executionEngine.SystemGroup_Test"/>
  <testcase name="addSysGroup_Invalid" time="3.051" classname="com.randtronics.dpm.filemanager.executionEngine.SystemGroup_Test"/>
  <testcase name="modifySysGroup_Valid" time="3.015" classname="com.randtronics.dpm.filemanager.executionEngine.SystemGroup_Test"/>
  <testcase name="deleteSysGroup_Yes" time="3.031" classname="com.randtronics.dpm.filemanager.executionEngine.SystemGroup_Test"/>
  <testcase name="deleteSysGroup_CheckDialog" time="3.016" classname="com.randtronics.dpm.filemanager.executionEngine.SystemGroup_Test"/>
  <testcase name="signOut" time="0.605" classname="com.randtronics.dpm.filemanager.executionEngine.SystemGroup_Test"/>
</testsuite> <!-- com.randtronics.dpm.filemanager.executionEngine.SystemGroup_Test -->
