<?xml version="1.0" encoding="UTF-8"?>
<!-- Generated by org.testng.reporters.JUnitReportReporter -->
<testsuite hostname="WSRV01" name="com.randtronics.dpm.filemanager.executionEngine.PolicyFileFolder_Test" tests="3" failures="0" timestamp="23 Sep 2016 07:34:11 GMT" time="599.723" errors="0">
  <testcase name="signIn" time="1.554" classname="com.randtronics.dpm.filemanager.executionEngine.PolicyFileFolder_Test"/>
  <testcase name="addPolicyFileFolder_Valid" time="597.476" classname="com.randtronics.dpm.filemanager.executionEngine.PolicyFileFolder_Test"/>
  <testcase name="signOut" time="0.693" classname="com.randtronics.dpm.filemanager.executionEngine.PolicyFileFolder_Test"/>
</testsuite> <!-- com.randtronics.dpm.filemanager.executionEngine.PolicyFileFolder_Test -->
